2019-10-21T00:30:23+00:00 CRITICAL Uncaught Error: Call to undefined function numero_total_post() in /var/www/html/Nachita/wp-content/themes/nachita-e/sidebar.php:24
Stack trace:
#0 /var/www/html/Nachita/wp-includes/template.php(722): require_once()
#1 /var/www/html/Nachita/wp-includes/template.php(671): load_template('/var/www/html/N...', true)
#2 /var/www/html/Nachita/wp-includes/general-template.php(111): locate_template(Array, true)
#3 /var/www/html/Nachita/wp-content/themes/nachita-e/single.php(28): get_sidebar()
#4 /var/www en /var/www/html/Nachita/wp-content/themes/nachita-e/sidebar.php en la línea 24

2019-10-21T00:54:37+00:00 CRITICAL Uncaught Error: Call to a member function get_price_html() on null in /var/www/html/Nachita/wp-content/themes/nachita-e/search.php:35
Stack trace:
#0 /var/www/html/Nachita/wp-includes/template-loader.php(78): include()
#1 /var/www/html/Nachita/wp-blog-header.php(19): require_once('/var/www/html/N...')
#2 /var/www/html/Nachita/index.php(17): require('/var/www/html/N...')
#3 {main}
  thrown en /var/www/html/Nachita/wp-content/themes/nachita-e/search.php en la línea 35

2019-10-21T00:55:06+00:00 CRITICAL Uncaught Error: Call to a member function get_price_html() on null in /var/www/html/Nachita/wp-content/themes/nachita-e/search.php:35
Stack trace:
#0 /var/www/html/Nachita/wp-includes/template-loader.php(78): include()
#1 /var/www/html/Nachita/wp-blog-header.php(19): require_once('/var/www/html/N...')
#2 /var/www/html/Nachita/index.php(17): require('/var/www/html/N...')
#3 {main}
  thrown en /var/www/html/Nachita/wp-content/themes/nachita-e/search.php en la línea 35

2019-10-21T00:55:08+00:00 CRITICAL Uncaught Error: Call to a member function get_price_html() on null in /var/www/html/Nachita/wp-content/themes/nachita-e/search.php:35
Stack trace:
#0 /var/www/html/Nachita/wp-includes/template-loader.php(78): include()
#1 /var/www/html/Nachita/wp-blog-header.php(19): require_once('/var/www/html/N...')
#2 /var/www/html/Nachita/index.php(17): require('/var/www/html/N...')
#3 {main}
  thrown en /var/www/html/Nachita/wp-content/themes/nachita-e/search.php en la línea 35

